#Software: 数据中间件工具
#ProcessID: 21460 x64
#AppDomain: xcodetool
#FileName: D:\Code\HQSDemo\Zero.Data\Projects\xcodetool.exe
#BaseDirectory: D:\Code\HQSDemo\Zero.Data\Projects\
#BasePath: D:\Code\HQSDemo\Zero.Data\Projects
#TempPath: C:\Users\Administrator\AppData\Local\Temp\
#CommandLine: D:\Code\HQSDemo\Zero.Data\Projects\xcodetool.exe
#ApplicationType: Console
#CLR: 6.0.5, .NET 6.0.5
#OS: Microsoft Windows NT 10.0.19041.0, OYX/Administrator
#CPU: 16
#GC: IsServerGC=False, LatencyMode=Interactive
#ThreadPool: Min=16/16, Max=32767/1000, Available=32764/1000
#Date: 2023-03-17
#详解：https://newlifex.com/core/log
#字段: 时间 线程ID 线程池Y/网页W/普通N/定时T 线程名/任务ID 消息内容
#Fields: Time ThreadID Kind Name Message
15:17:29.387  1 N - NewLife.Core v10.0.2022.1001 Build 2023-10-01 .NETCoreApp,Version=v6.0
15:17:29.388  1 N - NewLife组件核心库 ©2002-2022 NewLife
15:17:29.388  1 N - xcodetool v11.3.2022.1013 Build 2022-10-13 15:30:00 .NETCoreApp,Version=v6.0
15:17:29.389  1 N - 数据中间件工具 ©2002-2022 NewLife
15:17:29.389  1 N - 导入模型：D:\Code\HQSDemo\Zero.Data\Projects\Model.xml
15:17:29.403  1 N - XCode v11.3.2022.1013 Build 2022-10-13 15:28:18 .NETStandard,Version=v2.1
15:17:29.403  1 N - NewLife数据中间件 ©2002-2022 NewLife
15:17:29.404  1 N - 当前配置为输出SQL日志，如果觉得日志过多，可以修改配置关闭[Config/XCode.config:ShowSQL=false]。
15:17:29.451  1 N - 修正模型：D:\Code\HQSDemo\Zero.Data\Projects\Model.xml
15:17:29.453  1 N - 生成实体类 D:\Code\HQSDemo\Zero.Data\Projects
15:17:29.461  1 N - 生成 Team 团队 {"BaseClass":"Entity","ModelNameForCopy":"I{name}","Namespace":"Zero.Data.Projects"}
15:17:29.469  1 N - 生成 Team 团队 {"BaseClass":"Entity","ModelNameForCopy":"I{name}","Namespace":"Zero.Data.Projects"}
15:17:29.485  1 N - 生成 Member 成员 {"BaseClass":"I{name}","ModelNameForCopy":"I{name}","Namespace":"Zero.Data.Projects"}
15:17:29.486  1 N - 生成 Member 成员 {"BaseClass":"I{name}","ModelNameForCopy":"I{name}","Namespace":"Zero.Data.Projects"}
15:17:29.487  1 N - 生成 TeamMember 团队成员 {"BaseClass":"Entity","ModelNameForCopy":"I{name}","Namespace":"Zero.Data.Projects"}
15:17:29.488  1 N - 生成 TeamMember 团队成员 {"BaseClass":"Entity","ModelNameForCopy":"I{name}","Namespace":"Zero.Data.Projects"}
15:17:29.488  1 N - 生成 Product 产品 {"BaseClass":"Entity","ModelNameForCopy":"I{name}","Namespace":"Zero.Data.Projects"}
15:17:29.489  1 N - 生成 Product 产品 {"BaseClass":"Entity","ModelNameForCopy":"I{name}","Namespace":"Zero.Data.Projects"}
15:17:29.491  1 N - 生成 VersionPlan 版本计划 {"BaseClass":"Entity","ModelNameForCopy":"I{name}","Namespace":"Zero.Data.Projects"}
15:17:29.493  1 N - 生成 VersionPlan 版本计划 {"BaseClass":"Entity","ModelNameForCopy":"I{name}","Namespace":"Zero.Data.Projects"}
15:17:29.494  1 N - 生成 Story 故事 {"BaseClass":"Entity","ModelNameForCopy":"I{name}","Namespace":"Zero.Data.Projects"}
15:17:29.495  1 N - 生成 Story 故事 {"BaseClass":"Entity","ModelNameForCopy":"I{name}","Namespace":"Zero.Data.Projects"}
15:17:29.496  1 N - 生成 User 用户 {"BaseClass":"Entity","ModelNameForCopy":"I{name}","Namespace":"Zero.Data.Projects"}
15:17:29.497  1 N - 生成 User 用户 {"BaseClass":"Entity","ModelNameForCopy":"I{name}","Namespace":"Zero.Data.Projects"}
15:17:29.498  1 N - 生成 UserDisease 用户疾病 {"BaseClass":"Entity","ModelNameForCopy":"I{name}","Namespace":"Zero.Data.Projects"}
15:17:29.500  1 N - 生成 UserDisease 用户疾病 {"BaseClass":"Entity","ModelNameForCopy":"I{name}","Namespace":"Zero.Data.Projects"}
15:17:29.502  1 N - 生成 Disease 疾病类型 {"BaseClass":"Entity","ModelNameForCopy":"I{name}","Namespace":"Zero.Data.Projects"}
15:17:29.503  1 N - 生成 Disease 疾病类型 {"BaseClass":"Entity","ModelNameForCopy":"I{name}","Namespace":"Zero.Data.Projects"}
15:17:29.504  1 N - 生成 DailyOrSum 打卡记录与用户疗程 {"BaseClass":"Entity","ModelNameForCopy":"I{name}","Namespace":"Zero.Data.Projects"}
15:17:29.506  1 N - 生成 DailyOrSum 打卡记录与用户疗程 {"BaseClass":"Entity","ModelNameForCopy":"I{name}","Namespace":"Zero.Data.Projects"}
15:17:29.507  1 N - 生成 Effect 评价种类 {"BaseClass":"Entity","ModelNameForCopy":"I{name}","Namespace":"Zero.Data.Projects"}
15:17:29.508  1 N - 生成 Effect 评价种类 {"BaseClass":"Entity","ModelNameForCopy":"I{name}","Namespace":"Zero.Data.Projects"}
15:17:29.509  1 N - 生成 Infection 新冠感染状态 {"BaseClass":"Entity","ModelNameForCopy":"I{name}","Namespace":"Zero.Data.Projects"}
15:17:29.511  1 N - 生成 Infection 新冠感染状态 {"BaseClass":"Entity","ModelNameForCopy":"I{name}","Namespace":"Zero.Data.Projects"}
15:17:29.512  1 N - 生成 Picture 图片 {"BaseClass":"Entity","ModelNameForCopy":"I{name}","Namespace":"Zero.Data.Projects"}
15:17:29.514  1 N - 生成 Picture 图片 {"BaseClass":"Entity","ModelNameForCopy":"I{name}","Namespace":"Zero.Data.Projects"}
15:17:29.515  1 N - 生成简易模型类 D:\Code\HQSDemo\Zero.Data\Models\
15:17:29.517  1 N - 生成 Team 团队 {"ClassNameTemplate":"{name}Model","BaseClass":"I{name}","ModelNameForCopy":"I{name}","Namespace":"Zero.Data.Projects"}
15:17:29.519  1 N - 生成 Member 成员 {"ClassNameTemplate":"{name}Dto","BaseClass":"I{name}","ModelNameForCopy":"I{name}","Namespace":"Zero.Data.Projects"}
15:17:29.520  1 N - 生成 TeamMember 团队成员 {"ClassNameTemplate":"{name}Model","BaseClass":"I{name}","ModelNameForCopy":"I{name}","Namespace":"Zero.Data.Projects"}
15:17:29.521  1 N - 生成 Product 产品 {"ClassNameTemplate":"{name}Model","BaseClass":"I{name}","ModelNameForCopy":"I{name}","Namespace":"Zero.Data.Projects"}
15:17:29.522  1 N - 生成 VersionPlan 版本计划 {"ClassNameTemplate":"{name}Model","BaseClass":"I{name}","ModelNameForCopy":"I{name}","Namespace":"Zero.Data.Projects"}
15:17:29.523  1 N - 生成 Story 故事 {"ClassNameTemplate":"{name}Model","BaseClass":"I{name}","ModelNameForCopy":"I{name}","Namespace":"Zero.Data.Projects"}
15:17:29.525  1 N - 生成 User 用户 {"ClassNameTemplate":"{name}Model","BaseClass":"I{name}","ModelNameForCopy":"I{name}","Namespace":"Zero.Data.Projects"}
15:17:29.526  1 N - 生成 UserDisease 用户疾病 {"ClassNameTemplate":"{name}Model","BaseClass":"I{name}","ModelNameForCopy":"I{name}","Namespace":"Zero.Data.Projects"}
15:17:29.528  1 N - 生成 Disease 疾病类型 {"ClassNameTemplate":"{name}Model","BaseClass":"I{name}","ModelNameForCopy":"I{name}","Namespace":"Zero.Data.Projects"}
15:17:29.529  1 N - 生成 DailyOrSum 打卡记录与用户疗程 {"ClassNameTemplate":"{name}Model","BaseClass":"I{name}","ModelNameForCopy":"I{name}","Namespace":"Zero.Data.Projects"}
15:17:29.530  1 N - 生成 Effect 评价种类 {"ClassNameTemplate":"{name}Model","BaseClass":"I{name}","ModelNameForCopy":"I{name}","Namespace":"Zero.Data.Projects"}
15:17:29.532  1 N - 生成 Infection 新冠感染状态 {"ClassNameTemplate":"{name}Model","BaseClass":"I{name}","ModelNameForCopy":"I{name}","Namespace":"Zero.Data.Projects"}
15:17:29.533  1 N - 生成 Picture 图片 {"ClassNameTemplate":"{name}Model","BaseClass":"I{name}","ModelNameForCopy":"I{name}","Namespace":"Zero.Data.Projects"}
15:17:29.535  1 N - 生成简易接口 D:\Code\HQSDemo\Zero.Data\Interfaces\
15:17:29.535  1 N - 生成 Team 团队 {"ClassNameTemplate":"I{name}","Namespace":"Zero.Data.Projects"}
15:17:29.536  1 N - 生成 Member 成员 {"ClassNameTemplate":"I{name}","Namespace":"Zero.Data.Projects"}
15:17:29.537  1 N - 生成 TeamMember 团队成员 {"ClassNameTemplate":"I{name}","Namespace":"Zero.Data.Projects"}
15:17:29.538  1 N - 生成 Product 产品 {"ClassNameTemplate":"I{name}","Namespace":"Zero.Data.Projects"}
15:17:29.540  1 N - 生成 VersionPlan 版本计划 {"ClassNameTemplate":"I{name}","Namespace":"Zero.Data.Projects"}
15:17:29.541  1 N - 生成 Story 故事 {"ClassNameTemplate":"I{name}","Namespace":"Zero.Data.Projects"}
15:17:29.542  1 N - 生成 User 用户 {"ClassNameTemplate":"I{name}","Namespace":"Zero.Data.Projects"}
15:17:29.543  1 N - 生成 UserDisease 用户疾病 {"ClassNameTemplate":"I{name}","Namespace":"Zero.Data.Projects"}
15:17:29.544  1 N - 生成 Disease 疾病类型 {"ClassNameTemplate":"I{name}","Namespace":"Zero.Data.Projects"}
15:17:29.545  1 N - 生成 DailyOrSum 打卡记录与用户疗程 {"ClassNameTemplate":"I{name}","Namespace":"Zero.Data.Projects"}
15:17:29.548  1 N - 生成 Effect 评价种类 {"ClassNameTemplate":"I{name}","Namespace":"Zero.Data.Projects"}
15:17:29.549  1 N - 生成 Infection 新冠感染状态 {"ClassNameTemplate":"I{name}","Namespace":"Zero.Data.Projects"}
15:17:29.550  1 N - 生成 Picture 图片 {"ClassNameTemplate":"I{name}","Namespace":"Zero.Data.Projects"}
15:17:29.552  1 N - 生成数据字典 D:\Code\HQSDemo\Zero.Data\Projects\Zero.htm
15:17:29.552  1 N - 生成 Team 团队 {"BaseClass":"Entity","Namespace":"Zero.Data.Projects"}
15:17:29.554  1 N - 生成 Member 成员 {"BaseClass":"Entity","Namespace":"Zero.Data.Projects"}
15:17:29.554  1 N - 生成 TeamMember 团队成员 {"BaseClass":"Entity","Namespace":"Zero.Data.Projects"}
15:17:29.555  1 N - 生成 Product 产品 {"BaseClass":"Entity","Namespace":"Zero.Data.Projects"}
15:17:29.555  1 N - 生成 VersionPlan 版本计划 {"BaseClass":"Entity","Namespace":"Zero.Data.Projects"}
15:17:29.555  1 N - 生成 Story 故事 {"BaseClass":"Entity","Namespace":"Zero.Data.Projects"}
15:17:29.556  1 N - 生成 User 用户 {"BaseClass":"Entity","Namespace":"Zero.Data.Projects"}
15:17:29.556  1 N - 生成 UserDisease 用户疾病 {"BaseClass":"Entity","Namespace":"Zero.Data.Projects"}
15:17:29.557  1 N - 生成 Disease 疾病类型 {"BaseClass":"Entity","Namespace":"Zero.Data.Projects"}
15:17:29.557  1 N - 生成 DailyOrSum 打卡记录与用户疗程 {"BaseClass":"Entity","Namespace":"Zero.Data.Projects"}
15:17:29.558  1 N - 生成 Effect 评价种类 {"BaseClass":"Entity","Namespace":"Zero.Data.Projects"}
15:17:29.559  1 N - 生成 Infection 新冠感染状态 {"BaseClass":"Entity","Namespace":"Zero.Data.Projects"}
15:17:29.560  1 N - 生成 Picture 图片 {"BaseClass":"Entity","Namespace":"Zero.Data.Projects"}
15:17:29.573  1 N - 生成控制器 D:\Code\HQSDemo\Zero.Web\Areas\Projects\Controllers
15:17:29.574  1 N - 生成 Team 团队 {"ClassNameTemplate":"{name}Controller","BaseClass":"EntityController","Namespace":"Zero.Data.Projects"}
15:17:29.575  1 N - 生成 Member 成员 {"ClassNameTemplate":"{name}Controller","BaseClass":"EntityController","Namespace":"Zero.Data.Projects"}
15:17:29.579  1 N - 生成 TeamMember 团队成员 {"ClassNameTemplate":"{name}Controller","BaseClass":"EntityController","Namespace":"Zero.Data.Projects"}
15:17:29.579  1 N - 生成 Product 产品 {"ClassNameTemplate":"{name}Controller","BaseClass":"EntityController","Namespace":"Zero.Data.Projects"}
15:17:29.580  1 N - 生成 VersionPlan 版本计划 {"ClassNameTemplate":"{name}Controller","BaseClass":"EntityController","Namespace":"Zero.Data.Projects"}
15:17:29.580  1 N - 生成 Story 故事 {"ClassNameTemplate":"{name}Controller","BaseClass":"EntityController","Namespace":"Zero.Data.Projects"}
15:17:29.580  1 N - 生成 User 用户 {"ClassNameTemplate":"{name}Controller","BaseClass":"EntityController","Namespace":"Zero.Data.Projects"}
15:17:29.581  1 N - 生成 UserDisease 用户疾病 {"ClassNameTemplate":"{name}Controller","BaseClass":"EntityController","Namespace":"Zero.Data.Projects"}
15:17:29.581  1 N - 生成 Disease 疾病类型 {"ClassNameTemplate":"{name}Controller","BaseClass":"EntityController","Namespace":"Zero.Data.Projects"}
15:17:29.582  1 N - 生成 DailyOrSum 打卡记录与用户疗程 {"ClassNameTemplate":"{name}Controller","BaseClass":"EntityController","Namespace":"Zero.Data.Projects"}
15:17:29.582  1 N - 生成 Effect 评价种类 {"ClassNameTemplate":"{name}Controller","BaseClass":"EntityController","Namespace":"Zero.Data.Projects"}
15:17:29.583  1 N - 生成 Infection 新冠感染状态 {"ClassNameTemplate":"{name}Controller","BaseClass":"EntityController","Namespace":"Zero.Data.Projects"}
15:17:29.583  1 N - 生成 Picture 图片 {"ClassNameTemplate":"{name}Controller","BaseClass":"EntityController","Namespace":"Zero.Data.Projects"}

#Software: 数据中间件工具
#ProcessID: 1768 x64
#AppDomain: xcodetool
#FileName: D:\Code\HQSDemo\Zero.Data\Projects\xcodetool.exe
#BaseDirectory: D:\Code\HQSDemo\Zero.Data\Projects\
#BasePath: D:\Code\HQSDemo\Zero.Data\Projects
#TempPath: C:\Users\Administrator\AppData\Local\Temp\
#CommandLine: D:\Code\HQSDemo\Zero.Data\Projects\xcodetool.exe
#ApplicationType: Console
#CLR: 6.0.5, .NET 6.0.5
#OS: Microsoft Windows NT 10.0.19041.0, OYX/Administrator
#CPU: 16
#GC: IsServerGC=False, LatencyMode=Interactive
#ThreadPool: Min=16/16, Max=32767/1000, Available=32764/1000
#Date: 2023-03-17
#详解：https://newlifex.com/core/log
#字段: 时间 线程ID 线程池Y/网页W/普通N/定时T 线程名/任务ID 消息内容
#Fields: Time ThreadID Kind Name Message
15:21:29.415  1 N - NewLife.Core v10.0.2022.1001 Build 2023-10-01 .NETCoreApp,Version=v6.0
15:21:29.416  1 N - NewLife组件核心库 ©2002-2022 NewLife
15:21:29.416  1 N - xcodetool v11.3.2022.1013 Build 2022-10-13 15:30:00 .NETCoreApp,Version=v6.0
15:21:29.416  1 N - 数据中间件工具 ©2002-2022 NewLife
15:21:29.416  1 N - 导入模型：D:\Code\HQSDemo\Zero.Data\Projects\Model.xml
15:21:29.429  1 N - XCode v11.3.2022.1013 Build 2022-10-13 15:28:18 .NETStandard,Version=v2.1
15:21:29.429  1 N - NewLife数据中间件 ©2002-2022 NewLife
15:21:29.429  1 N - 当前配置为输出SQL日志，如果觉得日志过多，可以修改配置关闭[Config/XCode.config:ShowSQL=false]。
15:21:29.469  1 N - 生成实体类 D:\Code\HQSDemo\Zero.Data\Projects
15:21:29.477  1 N - 生成 Team 团队 {"BaseClass":"Entity","ModelNameForCopy":"I{name}","Namespace":"Zero.Data.Projects"}
15:21:29.486  1 N - 生成 Team 团队 {"BaseClass":"Entity","ModelNameForCopy":"I{name}","Namespace":"Zero.Data.Projects"}
15:21:29.501  1 N - 生成 Member 成员 {"BaseClass":"I{name}","ModelNameForCopy":"I{name}","Namespace":"Zero.Data.Projects"}
15:21:29.502  1 N - 生成 Member 成员 {"BaseClass":"I{name}","ModelNameForCopy":"I{name}","Namespace":"Zero.Data.Projects"}
15:21:29.503  1 N - 生成 TeamMember 团队成员 {"BaseClass":"Entity","ModelNameForCopy":"I{name}","Namespace":"Zero.Data.Projects"}
15:21:29.504  1 N - 生成 TeamMember 团队成员 {"BaseClass":"Entity","ModelNameForCopy":"I{name}","Namespace":"Zero.Data.Projects"}
15:21:29.504  1 N - 生成 Product 产品 {"BaseClass":"Entity","ModelNameForCopy":"I{name}","Namespace":"Zero.Data.Projects"}
15:21:29.508  1 N - 生成 Product 产品 {"BaseClass":"Entity","ModelNameForCopy":"I{name}","Namespace":"Zero.Data.Projects"}
15:21:29.508  1 N - 生成 VersionPlan 版本计划 {"BaseClass":"Entity","ModelNameForCopy":"I{name}","Namespace":"Zero.Data.Projects"}
15:21:29.510  1 N - 生成 VersionPlan 版本计划 {"BaseClass":"Entity","ModelNameForCopy":"I{name}","Namespace":"Zero.Data.Projects"}
15:21:29.511  1 N - 生成 Story 故事 {"BaseClass":"Entity","ModelNameForCopy":"I{name}","Namespace":"Zero.Data.Projects"}
15:21:29.512  1 N - 生成 Story 故事 {"BaseClass":"Entity","ModelNameForCopy":"I{name}","Namespace":"Zero.Data.Projects"}
15:21:29.513  1 N - 生成 User 用户 {"BaseClass":"Entity","ModelNameForCopy":"I{name}","Namespace":"Zero.Data.Projects"}
15:21:29.514  1 N - 生成 User 用户 {"BaseClass":"Entity","ModelNameForCopy":"I{name}","Namespace":"Zero.Data.Projects"}
15:21:29.515  1 N - 生成 UserDisease 用户疾病 {"BaseClass":"Entity","ModelNameForCopy":"I{name}","Namespace":"Zero.Data.Projects"}
15:21:29.516  1 N - 生成 UserDisease 用户疾病 {"BaseClass":"Entity","ModelNameForCopy":"I{name}","Namespace":"Zero.Data.Projects"}
15:21:29.516  1 N - 生成 Disease 疾病类型 {"BaseClass":"Entity","ModelNameForCopy":"I{name}","Namespace":"Zero.Data.Projects"}
15:21:29.517  1 N - 生成 Disease 疾病类型 {"BaseClass":"Entity","ModelNameForCopy":"I{name}","Namespace":"Zero.Data.Projects"}
15:21:29.518  1 N - 生成 DailyOrSum 打卡记录与用户疗程 {"BaseClass":"Entity","ModelNameForCopy":"I{name}","Namespace":"Zero.Data.Projects"}
15:21:29.520  1 N - 生成 DailyOrSum 打卡记录与用户疗程 {"BaseClass":"Entity","ModelNameForCopy":"I{name}","Namespace":"Zero.Data.Projects"}
15:21:29.524  1 N - 生成 Effect 评价种类 {"BaseClass":"Entity","ModelNameForCopy":"I{name}","Namespace":"Zero.Data.Projects"}
15:21:29.525  1 N - 生成 Effect 评价种类 {"BaseClass":"Entity","ModelNameForCopy":"I{name}","Namespace":"Zero.Data.Projects"}
15:21:29.526  1 N - 生成 Infection 新冠感染状态 {"BaseClass":"Entity","ModelNameForCopy":"I{name}","Namespace":"Zero.Data.Projects"}
15:21:29.527  1 N - 生成 Infection 新冠感染状态 {"BaseClass":"Entity","ModelNameForCopy":"I{name}","Namespace":"Zero.Data.Projects"}
15:21:29.528  1 N - 生成 Picture 图片 {"BaseClass":"Entity","ModelNameForCopy":"I{name}","Namespace":"Zero.Data.Projects"}
15:21:29.529  1 N - 生成 Picture 图片 {"BaseClass":"Entity","ModelNameForCopy":"I{name}","Namespace":"Zero.Data.Projects"}
15:21:29.531  1 N - 生成简易模型类 D:\Code\HQSDemo\Zero.Data\Models\
15:21:29.531  1 N - 生成 Team 团队 {"ClassNameTemplate":"{name}Model","BaseClass":"I{name}","ModelNameForCopy":"I{name}","Namespace":"Zero.Data.Projects"}
15:21:29.533  1 N - 生成 Member 成员 {"ClassNameTemplate":"{name}Dto","BaseClass":"I{name}","ModelNameForCopy":"I{name}","Namespace":"Zero.Data.Projects"}
15:21:29.534  1 N - 生成 TeamMember 团队成员 {"ClassNameTemplate":"{name}Model","BaseClass":"I{name}","ModelNameForCopy":"I{name}","Namespace":"Zero.Data.Projects"}
15:21:29.536  1 N - 生成 Product 产品 {"ClassNameTemplate":"{name}Model","BaseClass":"I{name}","ModelNameForCopy":"I{name}","Namespace":"Zero.Data.Projects"}
15:21:29.537  1 N - 生成 VersionPlan 版本计划 {"ClassNameTemplate":"{name}Model","BaseClass":"I{name}","ModelNameForCopy":"I{name}","Namespace":"Zero.Data.Projects"}
15:21:29.540  1 N - 生成 Story 故事 {"ClassNameTemplate":"{name}Model","BaseClass":"I{name}","ModelNameForCopy":"I{name}","Namespace":"Zero.Data.Projects"}
15:21:29.541  1 N - 生成 User 用户 {"ClassNameTemplate":"{name}Model","BaseClass":"I{name}","ModelNameForCopy":"I{name}","Namespace":"Zero.Data.Projects"}
15:21:29.543  1 N - 生成 UserDisease 用户疾病 {"ClassNameTemplate":"{name}Model","BaseClass":"I{name}","ModelNameForCopy":"I{name}","Namespace":"Zero.Data.Projects"}
15:21:29.544  1 N - 生成 Disease 疾病类型 {"ClassNameTemplate":"{name}Model","BaseClass":"I{name}","ModelNameForCopy":"I{name}","Namespace":"Zero.Data.Projects"}
15:21:29.545  1 N - 生成 DailyOrSum 打卡记录与用户疗程 {"ClassNameTemplate":"{name}Model","BaseClass":"I{name}","ModelNameForCopy":"I{name}","Namespace":"Zero.Data.Projects"}
15:21:29.546  1 N - 生成 Effect 评价种类 {"ClassNameTemplate":"{name}Model","BaseClass":"I{name}","ModelNameForCopy":"I{name}","Namespace":"Zero.Data.Projects"}
15:21:29.547  1 N - 生成 Infection 新冠感染状态 {"ClassNameTemplate":"{name}Model","BaseClass":"I{name}","ModelNameForCopy":"I{name}","Namespace":"Zero.Data.Projects"}
15:21:29.548  1 N - 生成 Picture 图片 {"ClassNameTemplate":"{name}Model","BaseClass":"I{name}","ModelNameForCopy":"I{name}","Namespace":"Zero.Data.Projects"}
15:21:29.549  1 N - 生成简易接口 D:\Code\HQSDemo\Zero.Data\Interfaces\
15:21:29.550  1 N - 生成 Team 团队 {"ClassNameTemplate":"I{name}","Namespace":"Zero.Data.Projects"}
15:21:29.551  1 N - 生成 Member 成员 {"ClassNameTemplate":"I{name}","Namespace":"Zero.Data.Projects"}
15:21:29.552  1 N - 生成 TeamMember 团队成员 {"ClassNameTemplate":"I{name}","Namespace":"Zero.Data.Projects"}
15:21:29.555  1 N - 生成 Product 产品 {"ClassNameTemplate":"I{name}","Namespace":"Zero.Data.Projects"}
15:21:29.556  1 N - 生成 VersionPlan 版本计划 {"ClassNameTemplate":"I{name}","Namespace":"Zero.Data.Projects"}
15:21:29.558  1 N - 生成 Story 故事 {"ClassNameTemplate":"I{name}","Namespace":"Zero.Data.Projects"}
15:21:29.560  1 N - 生成 User 用户 {"ClassNameTemplate":"I{name}","Namespace":"Zero.Data.Projects"}
15:21:29.561  1 N - 生成 UserDisease 用户疾病 {"ClassNameTemplate":"I{name}","Namespace":"Zero.Data.Projects"}
15:21:29.563  1 N - 生成 Disease 疾病类型 {"ClassNameTemplate":"I{name}","Namespace":"Zero.Data.Projects"}
15:21:29.564  1 N - 生成 DailyOrSum 打卡记录与用户疗程 {"ClassNameTemplate":"I{name}","Namespace":"Zero.Data.Projects"}
15:21:29.566  1 N - 生成 Effect 评价种类 {"ClassNameTemplate":"I{name}","Namespace":"Zero.Data.Projects"}
15:21:29.566  1 N - 生成 Infection 新冠感染状态 {"ClassNameTemplate":"I{name}","Namespace":"Zero.Data.Projects"}
15:21:29.568  1 N - 生成 Picture 图片 {"ClassNameTemplate":"I{name}","Namespace":"Zero.Data.Projects"}
15:21:29.570  1 N - 生成数据字典 D:\Code\HQSDemo\Zero.Data\Projects\Zero.htm
15:21:29.570  1 N - 生成 Team 团队 {"BaseClass":"Entity","Namespace":"Zero.Data.Projects"}
15:21:29.573  1 N - 生成 Member 成员 {"BaseClass":"Entity","Namespace":"Zero.Data.Projects"}
15:21:29.573  1 N - 生成 TeamMember 团队成员 {"BaseClass":"Entity","Namespace":"Zero.Data.Projects"}
15:21:29.573  1 N - 生成 Product 产品 {"BaseClass":"Entity","Namespace":"Zero.Data.Projects"}
15:21:29.574  1 N - 生成 VersionPlan 版本计划 {"BaseClass":"Entity","Namespace":"Zero.Data.Projects"}
15:21:29.574  1 N - 生成 Story 故事 {"BaseClass":"Entity","Namespace":"Zero.Data.Projects"}
15:21:29.575  1 N - 生成 User 用户 {"BaseClass":"Entity","Namespace":"Zero.Data.Projects"}
15:21:29.575  1 N - 生成 UserDisease 用户疾病 {"BaseClass":"Entity","Namespace":"Zero.Data.Projects"}
15:21:29.575  1 N - 生成 Disease 疾病类型 {"BaseClass":"Entity","Namespace":"Zero.Data.Projects"}
15:21:29.576  1 N - 生成 DailyOrSum 打卡记录与用户疗程 {"BaseClass":"Entity","Namespace":"Zero.Data.Projects"}
15:21:29.576  1 N - 生成 Effect 评价种类 {"BaseClass":"Entity","Namespace":"Zero.Data.Projects"}
15:21:29.577  1 N - 生成 Infection 新冠感染状态 {"BaseClass":"Entity","Namespace":"Zero.Data.Projects"}
15:21:29.577  1 N - 生成 Picture 图片 {"BaseClass":"Entity","Namespace":"Zero.Data.Projects"}
15:21:29.591  1 N - 生成控制器 D:\Code\HQSDemo\Zero.Web\Areas\Projects\Controllers
15:21:29.591  1 N - 生成 Team 团队 {"ClassNameTemplate":"{name}Controller","BaseClass":"EntityController","Namespace":"Zero.Data.Projects"}
15:21:29.592  1 N - 生成 Member 成员 {"ClassNameTemplate":"{name}Controller","BaseClass":"EntityController","Namespace":"Zero.Data.Projects"}
15:21:29.595  1 N - 生成 TeamMember 团队成员 {"ClassNameTemplate":"{name}Controller","BaseClass":"EntityController","Namespace":"Zero.Data.Projects"}
15:21:29.595  1 N - 生成 Product 产品 {"ClassNameTemplate":"{name}Controller","BaseClass":"EntityController","Namespace":"Zero.Data.Projects"}
15:21:29.596  1 N - 生成 VersionPlan 版本计划 {"ClassNameTemplate":"{name}Controller","BaseClass":"EntityController","Namespace":"Zero.Data.Projects"}
15:21:29.596  1 N - 生成 Story 故事 {"ClassNameTemplate":"{name}Controller","BaseClass":"EntityController","Namespace":"Zero.Data.Projects"}
15:21:29.596  1 N - 生成 User 用户 {"ClassNameTemplate":"{name}Controller","BaseClass":"EntityController","Namespace":"Zero.Data.Projects"}
15:21:29.597  1 N - 生成 UserDisease 用户疾病 {"ClassNameTemplate":"{name}Controller","BaseClass":"EntityController","Namespace":"Zero.Data.Projects"}
15:21:29.597  1 N - 生成 Disease 疾病类型 {"ClassNameTemplate":"{name}Controller","BaseClass":"EntityController","Namespace":"Zero.Data.Projects"}
15:21:29.597  1 N - 生成 DailyOrSum 打卡记录与用户疗程 {"ClassNameTemplate":"{name}Controller","BaseClass":"EntityController","Namespace":"Zero.Data.Projects"}
15:21:29.598  1 N - 生成 Effect 评价种类 {"ClassNameTemplate":"{name}Controller","BaseClass":"EntityController","Namespace":"Zero.Data.Projects"}
15:21:29.598  1 N - 生成 Infection 新冠感染状态 {"ClassNameTemplate":"{name}Controller","BaseClass":"EntityController","Namespace":"Zero.Data.Projects"}
15:21:29.599  1 N - 生成 Picture 图片 {"ClassNameTemplate":"{name}Controller","BaseClass":"EntityController","Namespace":"Zero.Data.Projects"}

#Software: 数据中间件工具
#ProcessID: 16948 x64
#AppDomain: xcodetool
#FileName: D:\Code\HQSDemo\Zero.Data\Projects\xcodetool.exe
#BaseDirectory: D:\Code\HQSDemo\Zero.Data\Projects\
#BasePath: D:\Code\HQSDemo\Zero.Data\Projects
#TempPath: C:\Users\Administrator\AppData\Local\Temp\
#CommandLine: D:\Code\HQSDemo\Zero.Data\Projects\xcodetool.exe
#ApplicationType: Console
#CLR: 6.0.5, .NET 6.0.5
#OS: Microsoft Windows NT 10.0.19041.0, OYX/Administrator
#CPU: 16
#GC: IsServerGC=False, LatencyMode=Interactive
#ThreadPool: Min=16/16, Max=32767/1000, Available=32764/1000
#Date: 2023-03-17
#详解：https://newlifex.com/core/log
#字段: 时间 线程ID 线程池Y/网页W/普通N/定时T 线程名/任务ID 消息内容
#Fields: Time ThreadID Kind Name Message
15:39:16.268  1 N - NewLife.Core v10.0.2022.1001 Build 2023-10-01 .NETCoreApp,Version=v6.0
15:39:16.269  1 N - NewLife组件核心库 ©2002-2022 NewLife
15:39:16.270  1 N - xcodetool v11.3.2022.1013 Build 2022-10-13 15:30:00 .NETCoreApp,Version=v6.0
15:39:16.270  1 N - 数据中间件工具 ©2002-2022 NewLife
15:39:16.270  1 N - 导入模型：D:\Code\HQSDemo\Zero.Data\Projects\Model.xml
15:39:16.282  1 N - XCode v11.3.2022.1013 Build 2022-10-13 15:28:18 .NETStandard,Version=v2.1
15:39:16.282  1 N - NewLife数据中间件 ©2002-2022 NewLife
15:39:16.282  1 N - 当前配置为输出SQL日志，如果觉得日志过多，可以修改配置关闭[Config/XCode.config:ShowSQL=false]。
15:39:16.325  1 N - 生成实体类 D:\Code\HQSDemo\Zero.Data\Projects
15:39:16.331  1 N - 生成 Team 团队 {"BaseClass":"Entity","ModelNameForCopy":"I{name}","Namespace":"Zero.Data.Projects"}
15:39:16.341  1 N - 生成 Team 团队 {"BaseClass":"Entity","ModelNameForCopy":"I{name}","Namespace":"Zero.Data.Projects"}
15:39:16.355  1 N - 生成 Member 成员 {"BaseClass":"I{name}","ModelNameForCopy":"I{name}","Namespace":"Zero.Data.Projects"}
15:39:16.356  1 N - 生成 Member 成员 {"BaseClass":"I{name}","ModelNameForCopy":"I{name}","Namespace":"Zero.Data.Projects"}
15:39:16.356  1 N - 生成 TeamMember 团队成员 {"BaseClass":"Entity","ModelNameForCopy":"I{name}","Namespace":"Zero.Data.Projects"}
15:39:16.357  1 N - 生成 TeamMember 团队成员 {"BaseClass":"Entity","ModelNameForCopy":"I{name}","Namespace":"Zero.Data.Projects"}
15:39:16.358  1 N - 生成 Product 产品 {"BaseClass":"Entity","ModelNameForCopy":"I{name}","Namespace":"Zero.Data.Projects"}
15:39:16.358  1 N - 生成 Product 产品 {"BaseClass":"Entity","ModelNameForCopy":"I{name}","Namespace":"Zero.Data.Projects"}
15:39:16.359  1 N - 生成 VersionPlan 版本计划 {"BaseClass":"Entity","ModelNameForCopy":"I{name}","Namespace":"Zero.Data.Projects"}
15:39:16.361  1 N - 生成 VersionPlan 版本计划 {"BaseClass":"Entity","ModelNameForCopy":"I{name}","Namespace":"Zero.Data.Projects"}
15:39:16.361  1 N - 生成 Story 故事 {"BaseClass":"Entity","ModelNameForCopy":"I{name}","Namespace":"Zero.Data.Projects"}
15:39:16.363  1 N - 生成 Story 故事 {"BaseClass":"Entity","ModelNameForCopy":"I{name}","Namespace":"Zero.Data.Projects"}
15:39:16.365  1 N - 生成 User 用户 {"BaseClass":"Entity","ModelNameForCopy":"I{name}","Namespace":"Zero.Data.Projects"}
15:39:16.367  1 N - 生成 User 用户 {"BaseClass":"Entity","ModelNameForCopy":"I{name}","Namespace":"Zero.Data.Projects"}
15:39:16.368  1 N - 生成 UserDisease 用户疾病 {"BaseClass":"Entity","ModelNameForCopy":"I{name}","Namespace":"Zero.Data.Projects"}
15:39:16.370  1 N - 生成 UserDisease 用户疾病 {"BaseClass":"Entity","ModelNameForCopy":"I{name}","Namespace":"Zero.Data.Projects"}
15:39:16.371  1 N - 生成 Disease 疾病类型 {"BaseClass":"Entity","ModelNameForCopy":"I{name}","Namespace":"Zero.Data.Projects"}
15:39:16.372  1 N - 生成 Disease 疾病类型 {"BaseClass":"Entity","ModelNameForCopy":"I{name}","Namespace":"Zero.Data.Projects"}
15:39:16.373  1 N - 生成 DailyOrSum 打卡记录与用户疗程 {"BaseClass":"Entity","ModelNameForCopy":"I{name}","Namespace":"Zero.Data.Projects"}
15:39:16.374  1 N - 生成 DailyOrSum 打卡记录与用户疗程 {"BaseClass":"Entity","ModelNameForCopy":"I{name}","Namespace":"Zero.Data.Projects"}
15:39:16.375  1 N - 生成 Effect 评价种类 {"BaseClass":"Entity","ModelNameForCopy":"I{name}","Namespace":"Zero.Data.Projects"}
15:39:16.376  1 N - 生成 Effect 评价种类 {"BaseClass":"Entity","ModelNameForCopy":"I{name}","Namespace":"Zero.Data.Projects"}
15:39:16.377  1 N - 生成 Infection 新冠感染状态 {"BaseClass":"Entity","ModelNameForCopy":"I{name}","Namespace":"Zero.Data.Projects"}
15:39:16.379  1 N - 生成 Infection 新冠感染状态 {"BaseClass":"Entity","ModelNameForCopy":"I{name}","Namespace":"Zero.Data.Projects"}
15:39:16.380  1 N - 生成 Picture 图片 {"BaseClass":"Entity","ModelNameForCopy":"I{name}","Namespace":"Zero.Data.Projects"}
15:39:16.381  1 N - 生成 Picture 图片 {"BaseClass":"Entity","ModelNameForCopy":"I{name}","Namespace":"Zero.Data.Projects"}
15:39:16.383  1 N - 生成简易模型类 D:\Code\HQSDemo\Zero.Data\Models\
15:39:16.384  1 N - 生成 Team 团队 {"ClassNameTemplate":"{name}Model","BaseClass":"I{name}","ModelNameForCopy":"I{name}","Namespace":"Zero.Data.Projects"}
15:39:16.385  1 N - 生成 Member 成员 {"ClassNameTemplate":"{name}Dto","BaseClass":"I{name}","ModelNameForCopy":"I{name}","Namespace":"Zero.Data.Projects"}
15:39:16.387  1 N - 生成 TeamMember 团队成员 {"ClassNameTemplate":"{name}Model","BaseClass":"I{name}","ModelNameForCopy":"I{name}","Namespace":"Zero.Data.Projects"}
15:39:16.388  1 N - 生成 Product 产品 {"ClassNameTemplate":"{name}Model","BaseClass":"I{name}","ModelNameForCopy":"I{name}","Namespace":"Zero.Data.Projects"}
15:39:16.389  1 N - 生成 VersionPlan 版本计划 {"ClassNameTemplate":"{name}Model","BaseClass":"I{name}","ModelNameForCopy":"I{name}","Namespace":"Zero.Data.Projects"}
15:39:16.390  1 N - 生成 Story 故事 {"ClassNameTemplate":"{name}Model","BaseClass":"I{name}","ModelNameForCopy":"I{name}","Namespace":"Zero.Data.Projects"}
15:39:16.391  1 N - 生成 User 用户 {"ClassNameTemplate":"{name}Model","BaseClass":"I{name}","ModelNameForCopy":"I{name}","Namespace":"Zero.Data.Projects"}
15:39:16.392  1 N - 生成 UserDisease 用户疾病 {"ClassNameTemplate":"{name}Model","BaseClass":"I{name}","ModelNameForCopy":"I{name}","Namespace":"Zero.Data.Projects"}
15:39:16.393  1 N - 生成 Disease 疾病类型 {"ClassNameTemplate":"{name}Model","BaseClass":"I{name}","ModelNameForCopy":"I{name}","Namespace":"Zero.Data.Projects"}
15:39:16.394  1 N - 生成 DailyOrSum 打卡记录与用户疗程 {"ClassNameTemplate":"{name}Model","BaseClass":"I{name}","ModelNameForCopy":"I{name}","Namespace":"Zero.Data.Projects"}
15:39:16.398  1 N - 生成 Effect 评价种类 {"ClassNameTemplate":"{name}Model","BaseClass":"I{name}","ModelNameForCopy":"I{name}","Namespace":"Zero.Data.Projects"}
15:39:16.399  1 N - 生成 Infection 新冠感染状态 {"ClassNameTemplate":"{name}Model","BaseClass":"I{name}","ModelNameForCopy":"I{name}","Namespace":"Zero.Data.Projects"}
15:39:16.400  1 N - 生成 Picture 图片 {"ClassNameTemplate":"{name}Model","BaseClass":"I{name}","ModelNameForCopy":"I{name}","Namespace":"Zero.Data.Projects"}
15:39:16.402  1 N - 生成简易接口 D:\Code\HQSDemo\Zero.Data\Interfaces\
15:39:16.402  1 N - 生成 Team 团队 {"ClassNameTemplate":"I{name}","Namespace":"Zero.Data.Projects"}
15:39:16.404  1 N - 生成 Member 成员 {"ClassNameTemplate":"I{name}","Namespace":"Zero.Data.Projects"}
15:39:16.405  1 N - 生成 TeamMember 团队成员 {"ClassNameTemplate":"I{name}","Namespace":"Zero.Data.Projects"}
15:39:16.406  1 N - 生成 Product 产品 {"ClassNameTemplate":"I{name}","Namespace":"Zero.Data.Projects"}
15:39:16.407  1 N - 生成 VersionPlan 版本计划 {"ClassNameTemplate":"I{name}","Namespace":"Zero.Data.Projects"}
15:39:16.408  1 N - 生成 Story 故事 {"ClassNameTemplate":"I{name}","Namespace":"Zero.Data.Projects"}
15:39:16.409  1 N - 生成 User 用户 {"ClassNameTemplate":"I{name}","Namespace":"Zero.Data.Projects"}
15:39:16.411  1 N - 生成 UserDisease 用户疾病 {"ClassNameTemplate":"I{name}","Namespace":"Zero.Data.Projects"}
15:39:16.414  1 N - 生成 Disease 疾病类型 {"ClassNameTemplate":"I{name}","Namespace":"Zero.Data.Projects"}
15:39:16.415  1 N - 生成 DailyOrSum 打卡记录与用户疗程 {"ClassNameTemplate":"I{name}","Namespace":"Zero.Data.Projects"}
15:39:16.417  1 N - 生成 Effect 评价种类 {"ClassNameTemplate":"I{name}","Namespace":"Zero.Data.Projects"}
15:39:16.419  1 N - 生成 Infection 新冠感染状态 {"ClassNameTemplate":"I{name}","Namespace":"Zero.Data.Projects"}
15:39:16.420  1 N - 生成 Picture 图片 {"ClassNameTemplate":"I{name}","Namespace":"Zero.Data.Projects"}
15:39:16.422  1 N - 生成数据字典 D:\Code\HQSDemo\Zero.Data\Projects\Zero.htm
15:39:16.423  1 N - 生成 Team 团队 {"BaseClass":"Entity","Namespace":"Zero.Data.Projects"}
15:39:16.424  1 N - 生成 Member 成员 {"BaseClass":"Entity","Namespace":"Zero.Data.Projects"}
15:39:16.425  1 N - 生成 TeamMember 团队成员 {"BaseClass":"Entity","Namespace":"Zero.Data.Projects"}
15:39:16.425  1 N - 生成 Product 产品 {"BaseClass":"Entity","Namespace":"Zero.Data.Projects"}
15:39:16.426  1 N - 生成 VersionPlan 版本计划 {"BaseClass":"Entity","Namespace":"Zero.Data.Projects"}
15:39:16.427  1 N - 生成 Story 故事 {"BaseClass":"Entity","Namespace":"Zero.Data.Projects"}
15:39:16.428  1 N - 生成 User 用户 {"BaseClass":"Entity","Namespace":"Zero.Data.Projects"}
15:39:16.428  1 N - 生成 UserDisease 用户疾病 {"BaseClass":"Entity","Namespace":"Zero.Data.Projects"}
15:39:16.429  1 N - 生成 Disease 疾病类型 {"BaseClass":"Entity","Namespace":"Zero.Data.Projects"}
15:39:16.429  1 N - 生成 DailyOrSum 打卡记录与用户疗程 {"BaseClass":"Entity","Namespace":"Zero.Data.Projects"}
15:39:16.429  1 N - 生成 Effect 评价种类 {"BaseClass":"Entity","Namespace":"Zero.Data.Projects"}
15:39:16.430  1 N - 生成 Infection 新冠感染状态 {"BaseClass":"Entity","Namespace":"Zero.Data.Projects"}
15:39:16.430  1 N - 生成 Picture 图片 {"BaseClass":"Entity","Namespace":"Zero.Data.Projects"}
15:39:16.444  1 N - 生成控制器 D:\Code\HQSDemo\Zero.Web\Areas\Projects\Controllers
15:39:16.444  1 N - 生成 Team 团队 {"ClassNameTemplate":"{name}Controller","BaseClass":"EntityController","Namespace":"Zero.Data.Projects"}
15:39:16.445  1 N - 生成 Member 成员 {"ClassNameTemplate":"{name}Controller","BaseClass":"EntityController","Namespace":"Zero.Data.Projects"}
15:39:16.448  1 N - 生成 TeamMember 团队成员 {"ClassNameTemplate":"{name}Controller","BaseClass":"EntityController","Namespace":"Zero.Data.Projects"}
15:39:16.449  1 N - 生成 Product 产品 {"ClassNameTemplate":"{name}Controller","BaseClass":"EntityController","Namespace":"Zero.Data.Projects"}
15:39:16.449  1 N - 生成 VersionPlan 版本计划 {"ClassNameTemplate":"{name}Controller","BaseClass":"EntityController","Namespace":"Zero.Data.Projects"}
15:39:16.449  1 N - 生成 Story 故事 {"ClassNameTemplate":"{name}Controller","BaseClass":"EntityController","Namespace":"Zero.Data.Projects"}
15:39:16.450  1 N - 生成 User 用户 {"ClassNameTemplate":"{name}Controller","BaseClass":"EntityController","Namespace":"Zero.Data.Projects"}
15:39:16.450  1 N - 生成 UserDisease 用户疾病 {"ClassNameTemplate":"{name}Controller","BaseClass":"EntityController","Namespace":"Zero.Data.Projects"}
15:39:16.451  1 N - 生成 Disease 疾病类型 {"ClassNameTemplate":"{name}Controller","BaseClass":"EntityController","Namespace":"Zero.Data.Projects"}
15:39:16.451  1 N - 生成 DailyOrSum 打卡记录与用户疗程 {"ClassNameTemplate":"{name}Controller","BaseClass":"EntityController","Namespace":"Zero.Data.Projects"}
15:39:16.451  1 N - 生成 Effect 评价种类 {"ClassNameTemplate":"{name}Controller","BaseClass":"EntityController","Namespace":"Zero.Data.Projects"}
15:39:16.452  1 N - 生成 Infection 新冠感染状态 {"ClassNameTemplate":"{name}Controller","BaseClass":"EntityController","Namespace":"Zero.Data.Projects"}
15:39:16.452  1 N - 生成 Picture 图片 {"ClassNameTemplate":"{name}Controller","BaseClass":"EntityController","Namespace":"Zero.Data.Projects"}
