#Software: 数据中间件工具
#ProcessID: 17600 x64
#AppDomain: xcodetool
#FileName: D:\Code\HQSDemo\Zero.Data\Projects\xcodetool.exe
#BaseDirectory: D:\Code\HQSDemo\Zero.Data\Projects\
#BasePath: D:\Code\HQSDemo\Zero.Data\Projects
#TempPath: C:\Users\Administrator\AppData\Local\Temp\
#CommandLine: D:\Code\HQSDemo\Zero.Data\Projects\xcodetool.exe
#ApplicationType: Console
#CLR: 6.0.5, .NET 6.0.5
#OS: Microsoft Windows NT 10.0.19041.0, OYX/Administrator
#CPU: 16
#GC: IsServerGC=False, LatencyMode=Interactive
#ThreadPool: Min=16/16, Max=32767/1000, Available=32764/1000
#Date: 2023-03-15
#详解：https://newlifex.com/core/log
#字段: 时间 线程ID 线程池Y/网页W/普通N/定时T 线程名/任务ID 消息内容
#Fields: Time ThreadID Kind Name Message
17:32:22.418  1 N - NewLife.Core v10.0.2022.1001 Build 2023-10-01 .NETCoreApp,Version=v6.0
17:32:22.419  1 N - NewLife组件核心库 ©2002-2022 NewLife
17:32:22.419  1 N - xcodetool v11.3.2022.1013 Build 2022-10-13 15:30:00 .NETCoreApp,Version=v6.0
17:32:22.419  1 N - 数据中间件工具 ©2002-2022 NewLife
17:32:22.420  1 N - 导入模型：D:\Code\HQSDemo\Zero.Data\Projects\Model.xml
17:32:22.434  1 N - XCode v11.3.2022.1013 Build 2022-10-13 15:28:18 .NETStandard,Version=v2.1
17:32:22.434  1 N - NewLife数据中间件 ©2002-2022 NewLife
17:32:22.434  1 N - 当前配置为输出SQL日志，如果觉得日志过多，可以修改配置关闭[Config/XCode.config:ShowSQL=false]。
17:32:22.476  1 N - 修正模型：D:\Code\HQSDemo\Zero.Data\Projects\Model.xml
17:32:22.477  1 N - 生成实体类 D:\Code\HQSDemo\Zero.Data\Projects
17:32:22.486  1 N - 生成 Team 团队 {"BaseClass":"Entity","ModelNameForCopy":"I{name}","Namespace":"Zero.Data.Projects"}
17:32:22.495  1 N - 生成 Team 团队 {"BaseClass":"Entity","ModelNameForCopy":"I{name}","Namespace":"Zero.Data.Projects"}
17:32:22.510  1 N - 生成 Member 成员 {"BaseClass":"I{name}","ModelNameForCopy":"I{name}","Namespace":"Zero.Data.Projects"}
17:32:22.511  1 N - 生成 Member 成员 {"BaseClass":"I{name}","ModelNameForCopy":"I{name}","Namespace":"Zero.Data.Projects"}
17:32:22.512  1 N - 生成 TeamMember 团队成员 {"BaseClass":"Entity","ModelNameForCopy":"I{name}","Namespace":"Zero.Data.Projects"}
17:32:22.513  1 N - 生成 TeamMember 团队成员 {"BaseClass":"Entity","ModelNameForCopy":"I{name}","Namespace":"Zero.Data.Projects"}
17:32:22.514  1 N - 生成 Product 产品 {"BaseClass":"Entity","ModelNameForCopy":"I{name}","Namespace":"Zero.Data.Projects"}
17:32:22.514  1 N - 生成 Product 产品 {"BaseClass":"Entity","ModelNameForCopy":"I{name}","Namespace":"Zero.Data.Projects"}
17:32:22.515  1 N - 生成 VersionPlan 版本计划 {"BaseClass":"Entity","ModelNameForCopy":"I{name}","Namespace":"Zero.Data.Projects"}
17:32:22.516  1 N - 生成 VersionPlan 版本计划 {"BaseClass":"Entity","ModelNameForCopy":"I{name}","Namespace":"Zero.Data.Projects"}
17:32:22.517  1 N - 生成 Story 故事 {"BaseClass":"Entity","ModelNameForCopy":"I{name}","Namespace":"Zero.Data.Projects"}
17:32:22.519  1 N - 生成 Story 故事 {"BaseClass":"Entity","ModelNameForCopy":"I{name}","Namespace":"Zero.Data.Projects"}
17:32:22.519  1 N - 生成 User 用户 {"BaseClass":"Entity","ModelNameForCopy":"I{name}","Namespace":"Zero.Data.Projects"}
17:32:22.520  1 N - 生成 User 用户 {"BaseClass":"Entity","ModelNameForCopy":"I{name}","Namespace":"Zero.Data.Projects"}
17:32:22.521  1 N - 生成 UserDisease 用户疾病 {"BaseClass":"Entity","ModelNameForCopy":"I{name}","Namespace":"Zero.Data.Projects"}
17:32:22.523  1 N - 生成 UserDisease 用户疾病 {"BaseClass":"Entity","ModelNameForCopy":"I{name}","Namespace":"Zero.Data.Projects"}
17:32:22.523  1 N - 生成 Disease 疾病类型 {"BaseClass":"Entity","ModelNameForCopy":"I{name}","Namespace":"Zero.Data.Projects"}
17:32:22.526  1 N - 生成 Disease 疾病类型 {"BaseClass":"Entity","ModelNameForCopy":"I{name}","Namespace":"Zero.Data.Projects"}
17:32:22.527  1 N - 生成 DailyOrSum 打卡记录与用户疗程 {"BaseClass":"Entity","ModelNameForCopy":"I{name}","Namespace":"Zero.Data.Projects"}
17:32:22.528  1 N - 生成 DailyOrSum 打卡记录与用户疗程 {"BaseClass":"Entity","ModelNameForCopy":"I{name}","Namespace":"Zero.Data.Projects"}
17:32:22.529  1 N - 生成 Effect 评价种类 {"BaseClass":"Entity","ModelNameForCopy":"I{name}","Namespace":"Zero.Data.Projects"}
17:32:22.530  1 N - 生成 Effect 评价种类 {"BaseClass":"Entity","ModelNameForCopy":"I{name}","Namespace":"Zero.Data.Projects"}
17:32:22.531  1 N - 生成 Infection 新冠感染状态 {"BaseClass":"Entity","ModelNameForCopy":"I{name}","Namespace":"Zero.Data.Projects"}
17:32:22.533  1 N - 生成 Infection 新冠感染状态 {"BaseClass":"Entity","ModelNameForCopy":"I{name}","Namespace":"Zero.Data.Projects"}
17:32:22.533  1 N - 生成 Picture 图片 {"BaseClass":"Entity","ModelNameForCopy":"I{name}","Namespace":"Zero.Data.Projects"}
17:32:22.534  1 N - 生成 Picture 图片 {"BaseClass":"Entity","ModelNameForCopy":"I{name}","Namespace":"Zero.Data.Projects"}
17:32:22.536  1 N - 生成简易模型类 D:\Code\HQSDemo\Zero.Data\Models\
17:32:22.536  1 N - 生成 Team 团队 {"ClassNameTemplate":"{name}Model","BaseClass":"I{name}","ModelNameForCopy":"I{name}","Namespace":"Zero.Data.Projects"}
17:32:22.537  1 N - 生成 Member 成员 {"ClassNameTemplate":"{name}Dto","BaseClass":"I{name}","ModelNameForCopy":"I{name}","Namespace":"Zero.Data.Projects"}
17:32:22.538  1 N - 生成 TeamMember 团队成员 {"ClassNameTemplate":"{name}Model","BaseClass":"I{name}","ModelNameForCopy":"I{name}","Namespace":"Zero.Data.Projects"}
17:32:22.541  1 N - 生成 Product 产品 {"ClassNameTemplate":"{name}Model","BaseClass":"I{name}","ModelNameForCopy":"I{name}","Namespace":"Zero.Data.Projects"}
17:32:22.542  1 N - 生成 VersionPlan 版本计划 {"ClassNameTemplate":"{name}Model","BaseClass":"I{name}","ModelNameForCopy":"I{name}","Namespace":"Zero.Data.Projects"}
17:32:22.543  1 N - 生成 Story 故事 {"ClassNameTemplate":"{name}Model","BaseClass":"I{name}","ModelNameForCopy":"I{name}","Namespace":"Zero.Data.Projects"}
17:32:22.544  1 N - 生成 User 用户 {"ClassNameTemplate":"{name}Model","BaseClass":"I{name}","ModelNameForCopy":"I{name}","Namespace":"Zero.Data.Projects"}
17:32:22.547  1 N - 生成 UserDisease 用户疾病 {"ClassNameTemplate":"{name}Model","BaseClass":"I{name}","ModelNameForCopy":"I{name}","Namespace":"Zero.Data.Projects"}
17:32:22.548  1 N - 生成 Disease 疾病类型 {"ClassNameTemplate":"{name}Model","BaseClass":"I{name}","ModelNameForCopy":"I{name}","Namespace":"Zero.Data.Projects"}
17:32:22.549  1 N - 生成 DailyOrSum 打卡记录与用户疗程 {"ClassNameTemplate":"{name}Model","BaseClass":"I{name}","ModelNameForCopy":"I{name}","Namespace":"Zero.Data.Projects"}
17:32:22.550  1 N - 生成 Effect 评价种类 {"ClassNameTemplate":"{name}Model","BaseClass":"I{name}","ModelNameForCopy":"I{name}","Namespace":"Zero.Data.Projects"}
17:32:22.551  1 N - 生成 Infection 新冠感染状态 {"ClassNameTemplate":"{name}Model","BaseClass":"I{name}","ModelNameForCopy":"I{name}","Namespace":"Zero.Data.Projects"}
17:32:22.553  1 N - 生成 Picture 图片 {"ClassNameTemplate":"{name}Model","BaseClass":"I{name}","ModelNameForCopy":"I{name}","Namespace":"Zero.Data.Projects"}
17:32:22.555  1 N - 生成简易接口 D:\Code\HQSDemo\Zero.Data\Interfaces\
17:32:22.555  1 N - 生成 Team 团队 {"ClassNameTemplate":"I{name}","Namespace":"Zero.Data.Projects"}
17:32:22.556  1 N - 生成 Member 成员 {"ClassNameTemplate":"I{name}","Namespace":"Zero.Data.Projects"}
17:32:22.557  1 N - 生成 TeamMember 团队成员 {"ClassNameTemplate":"I{name}","Namespace":"Zero.Data.Projects"}
17:32:22.558  1 N - 生成 Product 产品 {"ClassNameTemplate":"I{name}","Namespace":"Zero.Data.Projects"}
17:32:22.559  1 N - 生成 VersionPlan 版本计划 {"ClassNameTemplate":"I{name}","Namespace":"Zero.Data.Projects"}
17:32:22.561  1 N - 生成 Story 故事 {"ClassNameTemplate":"I{name}","Namespace":"Zero.Data.Projects"}
17:32:22.562  1 N - 生成 User 用户 {"ClassNameTemplate":"I{name}","Namespace":"Zero.Data.Projects"}
17:32:22.563  1 N - 生成 UserDisease 用户疾病 {"ClassNameTemplate":"I{name}","Namespace":"Zero.Data.Projects"}
17:32:22.564  1 N - 生成 Disease 疾病类型 {"ClassNameTemplate":"I{name}","Namespace":"Zero.Data.Projects"}
17:32:22.565  1 N - 生成 DailyOrSum 打卡记录与用户疗程 {"ClassNameTemplate":"I{name}","Namespace":"Zero.Data.Projects"}
17:32:22.566  1 N - 生成 Effect 评价种类 {"ClassNameTemplate":"I{name}","Namespace":"Zero.Data.Projects"}
17:32:22.567  1 N - 生成 Infection 新冠感染状态 {"ClassNameTemplate":"I{name}","Namespace":"Zero.Data.Projects"}
17:32:22.568  1 N - 生成 Picture 图片 {"ClassNameTemplate":"I{name}","Namespace":"Zero.Data.Projects"}
17:32:22.570  1 N - 生成数据字典 D:\Code\HQSDemo\Zero.Data\Projects\Zero.htm
17:32:22.570  1 N - 生成 Team 团队 {"BaseClass":"Entity","Namespace":"Zero.Data.Projects"}
17:32:22.572  1 N - 生成 Member 成员 {"BaseClass":"Entity","Namespace":"Zero.Data.Projects"}
17:32:22.573  1 N - 生成 TeamMember 团队成员 {"BaseClass":"Entity","Namespace":"Zero.Data.Projects"}
17:32:22.573  1 N - 生成 Product 产品 {"BaseClass":"Entity","Namespace":"Zero.Data.Projects"}
17:32:22.573  1 N - 生成 VersionPlan 版本计划 {"BaseClass":"Entity","Namespace":"Zero.Data.Projects"}
17:32:22.574  1 N - 生成 Story 故事 {"BaseClass":"Entity","Namespace":"Zero.Data.Projects"}
17:32:22.574  1 N - 生成 User 用户 {"BaseClass":"Entity","Namespace":"Zero.Data.Projects"}
17:32:22.574  1 N - 生成 UserDisease 用户疾病 {"BaseClass":"Entity","Namespace":"Zero.Data.Projects"}
17:32:22.575  1 N - 生成 Disease 疾病类型 {"BaseClass":"Entity","Namespace":"Zero.Data.Projects"}
17:32:22.575  1 N - 生成 DailyOrSum 打卡记录与用户疗程 {"BaseClass":"Entity","Namespace":"Zero.Data.Projects"}
17:32:22.575  1 N - 生成 Effect 评价种类 {"BaseClass":"Entity","Namespace":"Zero.Data.Projects"}
17:32:22.576  1 N - 生成 Infection 新冠感染状态 {"BaseClass":"Entity","Namespace":"Zero.Data.Projects"}
17:32:22.576  1 N - 生成 Picture 图片 {"BaseClass":"Entity","Namespace":"Zero.Data.Projects"}
17:32:22.590  1 N - 生成控制器 D:\Code\HQSDemo\Zero.Web\Areas\Projects\Controllers
17:32:22.590  1 N - 生成 Team 团队 {"ClassNameTemplate":"{name}Controller","BaseClass":"EntityController","Namespace":"Zero.Data.Projects"}
17:32:22.593  1 N - 生成 Member 成员 {"ClassNameTemplate":"{name}Controller","BaseClass":"EntityController","Namespace":"Zero.Data.Projects"}
17:32:22.593  1 N - 生成 TeamMember 团队成员 {"ClassNameTemplate":"{name}Controller","BaseClass":"EntityController","Namespace":"Zero.Data.Projects"}
17:32:22.593  1 N - 生成 Product 产品 {"ClassNameTemplate":"{name}Controller","BaseClass":"EntityController","Namespace":"Zero.Data.Projects"}
17:32:22.594  1 N - 生成 VersionPlan 版本计划 {"ClassNameTemplate":"{name}Controller","BaseClass":"EntityController","Namespace":"Zero.Data.Projects"}
17:32:22.594  1 N - 生成 Story 故事 {"ClassNameTemplate":"{name}Controller","BaseClass":"EntityController","Namespace":"Zero.Data.Projects"}
17:32:22.595  1 N - 生成 User 用户 {"ClassNameTemplate":"{name}Controller","BaseClass":"EntityController","Namespace":"Zero.Data.Projects"}
17:32:22.596  1 N - 生成 UserDisease 用户疾病 {"ClassNameTemplate":"{name}Controller","BaseClass":"EntityController","Namespace":"Zero.Data.Projects"}
17:32:22.596  1 N - 生成 Disease 疾病类型 {"ClassNameTemplate":"{name}Controller","BaseClass":"EntityController","Namespace":"Zero.Data.Projects"}
17:32:22.597  1 N - 生成 DailyOrSum 打卡记录与用户疗程 {"ClassNameTemplate":"{name}Controller","BaseClass":"EntityController","Namespace":"Zero.Data.Projects"}
17:32:22.597  1 N - 生成 Effect 评价种类 {"ClassNameTemplate":"{name}Controller","BaseClass":"EntityController","Namespace":"Zero.Data.Projects"}
17:32:22.598  1 N - 生成 Infection 新冠感染状态 {"ClassNameTemplate":"{name}Controller","BaseClass":"EntityController","Namespace":"Zero.Data.Projects"}
17:32:22.598  1 N - 生成 Picture 图片 {"ClassNameTemplate":"{name}Controller","BaseClass":"EntityController","Namespace":"Zero.Data.Projects"}

#Software: 数据中间件工具
#ProcessID: 5448 x64
#AppDomain: xcodetool
#FileName: D:\Code\HQSDemo\Zero.Data\Projects\xcodetool.exe
#BaseDirectory: D:\Code\HQSDemo\Zero.Data\Projects\
#BasePath: D:\Code\HQSDemo\Zero.Data\Projects
#TempPath: C:\Users\Administrator\AppData\Local\Temp\
#CommandLine: D:\Code\HQSDemo\Zero.Data\Projects\xcodetool.exe
#ApplicationType: Console
#CLR: 6.0.5, .NET 6.0.5
#OS: Microsoft Windows NT 10.0.19041.0, OYX/Administrator
#CPU: 16
#GC: IsServerGC=False, LatencyMode=Interactive
#ThreadPool: Min=16/16, Max=32767/1000, Available=32764/1000
#Date: 2023-03-15
#详解：https://newlifex.com/core/log
#字段: 时间 线程ID 线程池Y/网页W/普通N/定时T 线程名/任务ID 消息内容
#Fields: Time ThreadID Kind Name Message
18:12:19.407  1 N - NewLife.Core v10.0.2022.1001 Build 2023-10-01 .NETCoreApp,Version=v6.0
18:12:19.408  1 N - NewLife组件核心库 ©2002-2022 NewLife
18:12:19.408  1 N - xcodetool v11.3.2022.1013 Build 2022-10-13 15:30:00 .NETCoreApp,Version=v6.0
18:12:19.409  1 N - 数据中间件工具 ©2002-2022 NewLife
18:12:19.410  1 N - 导入模型：D:\Code\HQSDemo\Zero.Data\Projects\Model.xml
18:12:19.422  1 N - XCode v11.3.2022.1013 Build 2022-10-13 15:28:18 .NETStandard,Version=v2.1
18:12:19.422  1 N - NewLife数据中间件 ©2002-2022 NewLife
18:12:19.422  1 N - 当前配置为输出SQL日志，如果觉得日志过多，可以修改配置关闭[Config/XCode.config:ShowSQL=false]。
18:12:19.465  1 N - 修正模型：D:\Code\HQSDemo\Zero.Data\Projects\Model.xml
18:12:19.466  1 N - 生成实体类 D:\Code\HQSDemo\Zero.Data\Projects
18:12:19.474  1 N - 生成 Team 团队 {"BaseClass":"Entity","ModelNameForCopy":"I{name}","Namespace":"Zero.Data.Projects"}
18:12:19.483  1 N - 生成 Team 团队 {"BaseClass":"Entity","ModelNameForCopy":"I{name}","Namespace":"Zero.Data.Projects"}
18:12:19.498  1 N - 生成 Member 成员 {"BaseClass":"I{name}","ModelNameForCopy":"I{name}","Namespace":"Zero.Data.Projects"}
18:12:19.498  1 N - 生成 Member 成员 {"BaseClass":"I{name}","ModelNameForCopy":"I{name}","Namespace":"Zero.Data.Projects"}
18:12:19.499  1 N - 生成 TeamMember 团队成员 {"BaseClass":"Entity","ModelNameForCopy":"I{name}","Namespace":"Zero.Data.Projects"}
18:12:19.500  1 N - 生成 TeamMember 团队成员 {"BaseClass":"Entity","ModelNameForCopy":"I{name}","Namespace":"Zero.Data.Projects"}
18:12:19.500  1 N - 生成 Product 产品 {"BaseClass":"Entity","ModelNameForCopy":"I{name}","Namespace":"Zero.Data.Projects"}
18:12:19.501  1 N - 生成 Product 产品 {"BaseClass":"Entity","ModelNameForCopy":"I{name}","Namespace":"Zero.Data.Projects"}
18:12:19.502  1 N - 生成 VersionPlan 版本计划 {"BaseClass":"Entity","ModelNameForCopy":"I{name}","Namespace":"Zero.Data.Projects"}
18:12:19.503  1 N - 生成 VersionPlan 版本计划 {"BaseClass":"Entity","ModelNameForCopy":"I{name}","Namespace":"Zero.Data.Projects"}
18:12:19.503  1 N - 生成 Story 故事 {"BaseClass":"Entity","ModelNameForCopy":"I{name}","Namespace":"Zero.Data.Projects"}
18:12:19.504  1 N - 生成 Story 故事 {"BaseClass":"Entity","ModelNameForCopy":"I{name}","Namespace":"Zero.Data.Projects"}
18:12:19.508  1 N - 生成 User 用户 {"BaseClass":"Entity","ModelNameForCopy":"I{name}","Namespace":"Zero.Data.Projects"}
18:12:19.509  1 N - 生成 User 用户 {"BaseClass":"Entity","ModelNameForCopy":"I{name}","Namespace":"Zero.Data.Projects"}
18:12:19.509  1 N - 生成 UserDisease 用户疾病 {"BaseClass":"Entity","ModelNameForCopy":"I{name}","Namespace":"Zero.Data.Projects"}
18:12:19.511  1 N - 生成 UserDisease 用户疾病 {"BaseClass":"Entity","ModelNameForCopy":"I{name}","Namespace":"Zero.Data.Projects"}
18:12:19.511  1 N - 生成 Disease 疾病类型 {"BaseClass":"Entity","ModelNameForCopy":"I{name}","Namespace":"Zero.Data.Projects"}
18:12:19.514  1 N - 生成 Disease 疾病类型 {"BaseClass":"Entity","ModelNameForCopy":"I{name}","Namespace":"Zero.Data.Projects"}
18:12:19.515  1 N - 生成 DailyOrSum 打卡记录与用户疗程 {"BaseClass":"Entity","ModelNameForCopy":"I{name}","Namespace":"Zero.Data.Projects"}
18:12:19.516  1 N - 生成 DailyOrSum 打卡记录与用户疗程 {"BaseClass":"Entity","ModelNameForCopy":"I{name}","Namespace":"Zero.Data.Projects"}
18:12:19.517  1 N - 生成 Effect 评价种类 {"BaseClass":"Entity","ModelNameForCopy":"I{name}","Namespace":"Zero.Data.Projects"}
18:12:19.518  1 N - 生成 Effect 评价种类 {"BaseClass":"Entity","ModelNameForCopy":"I{name}","Namespace":"Zero.Data.Projects"}
18:12:19.519  1 N - 生成 Infection 新冠感染状态 {"BaseClass":"Entity","ModelNameForCopy":"I{name}","Namespace":"Zero.Data.Projects"}
18:12:19.523  1 N - 生成 Infection 新冠感染状态 {"BaseClass":"Entity","ModelNameForCopy":"I{name}","Namespace":"Zero.Data.Projects"}
18:12:19.523  1 N - 生成 Picture 图片 {"BaseClass":"Entity","ModelNameForCopy":"I{name}","Namespace":"Zero.Data.Projects"}
18:12:19.525  1 N - 生成 Picture 图片 {"BaseClass":"Entity","ModelNameForCopy":"I{name}","Namespace":"Zero.Data.Projects"}
18:12:19.527  1 N - 生成简易模型类 D:\Code\HQSDemo\Zero.Data\Models\
18:12:19.527  1 N - 生成 Team 团队 {"ClassNameTemplate":"{name}Model","BaseClass":"I{name}","ModelNameForCopy":"I{name}","Namespace":"Zero.Data.Projects"}
18:12:19.529  1 N - 生成 Member 成员 {"ClassNameTemplate":"{name}Dto","BaseClass":"I{name}","ModelNameForCopy":"I{name}","Namespace":"Zero.Data.Projects"}
18:12:19.530  1 N - 生成 TeamMember 团队成员 {"ClassNameTemplate":"{name}Model","BaseClass":"I{name}","ModelNameForCopy":"I{name}","Namespace":"Zero.Data.Projects"}
18:12:19.531  1 N - 生成 Product 产品 {"ClassNameTemplate":"{name}Model","BaseClass":"I{name}","ModelNameForCopy":"I{name}","Namespace":"Zero.Data.Projects"}
18:12:19.532  1 N - 生成 VersionPlan 版本计划 {"ClassNameTemplate":"{name}Model","BaseClass":"I{name}","ModelNameForCopy":"I{name}","Namespace":"Zero.Data.Projects"}
18:12:19.533  1 N - 生成 Story 故事 {"ClassNameTemplate":"{name}Model","BaseClass":"I{name}","ModelNameForCopy":"I{name}","Namespace":"Zero.Data.Projects"}
18:12:19.535  1 N - 生成 User 用户 {"ClassNameTemplate":"{name}Model","BaseClass":"I{name}","ModelNameForCopy":"I{name}","Namespace":"Zero.Data.Projects"}
18:12:19.536  1 N - 生成 UserDisease 用户疾病 {"ClassNameTemplate":"{name}Model","BaseClass":"I{name}","ModelNameForCopy":"I{name}","Namespace":"Zero.Data.Projects"}
18:12:19.537  1 N - 生成 Disease 疾病类型 {"ClassNameTemplate":"{name}Model","BaseClass":"I{name}","ModelNameForCopy":"I{name}","Namespace":"Zero.Data.Projects"}
18:12:19.539  1 N - 生成 DailyOrSum 打卡记录与用户疗程 {"ClassNameTemplate":"{name}Model","BaseClass":"I{name}","ModelNameForCopy":"I{name}","Namespace":"Zero.Data.Projects"}
18:12:19.540  1 N - 生成 Effect 评价种类 {"ClassNameTemplate":"{name}Model","BaseClass":"I{name}","ModelNameForCopy":"I{name}","Namespace":"Zero.Data.Projects"}
18:12:19.541  1 N - 生成 Infection 新冠感染状态 {"ClassNameTemplate":"{name}Model","BaseClass":"I{name}","ModelNameForCopy":"I{name}","Namespace":"Zero.Data.Projects"}
18:12:19.542  1 N - 生成 Picture 图片 {"ClassNameTemplate":"{name}Model","BaseClass":"I{name}","ModelNameForCopy":"I{name}","Namespace":"Zero.Data.Projects"}
18:12:19.544  1 N - 生成简易接口 D:\Code\HQSDemo\Zero.Data\Interfaces\
18:12:19.544  1 N - 生成 Team 团队 {"ClassNameTemplate":"I{name}","Namespace":"Zero.Data.Projects"}
18:12:19.545  1 N - 生成 Member 成员 {"ClassNameTemplate":"I{name}","Namespace":"Zero.Data.Projects"}
18:12:19.546  1 N - 生成 TeamMember 团队成员 {"ClassNameTemplate":"I{name}","Namespace":"Zero.Data.Projects"}
18:12:19.547  1 N - 生成 Product 产品 {"ClassNameTemplate":"I{name}","Namespace":"Zero.Data.Projects"}
18:12:19.548  1 N - 生成 VersionPlan 版本计划 {"ClassNameTemplate":"I{name}","Namespace":"Zero.Data.Projects"}
18:12:19.549  1 N - 生成 Story 故事 {"ClassNameTemplate":"I{name}","Namespace":"Zero.Data.Projects"}
18:12:19.551  1 N - 生成 User 用户 {"ClassNameTemplate":"I{name}","Namespace":"Zero.Data.Projects"}
18:12:19.552  1 N - 生成 UserDisease 用户疾病 {"ClassNameTemplate":"I{name}","Namespace":"Zero.Data.Projects"}
18:12:19.554  1 N - 生成 Disease 疾病类型 {"ClassNameTemplate":"I{name}","Namespace":"Zero.Data.Projects"}
18:12:19.555  1 N - 生成 DailyOrSum 打卡记录与用户疗程 {"ClassNameTemplate":"I{name}","Namespace":"Zero.Data.Projects"}
18:12:19.556  1 N - 生成 Effect 评价种类 {"ClassNameTemplate":"I{name}","Namespace":"Zero.Data.Projects"}
18:12:19.557  1 N - 生成 Infection 新冠感染状态 {"ClassNameTemplate":"I{name}","Namespace":"Zero.Data.Projects"}
18:12:19.559  1 N - 生成 Picture 图片 {"ClassNameTemplate":"I{name}","Namespace":"Zero.Data.Projects"}
18:12:19.560  1 N - 生成数据字典 D:\Code\HQSDemo\Zero.Data\Projects\Zero.htm
18:12:19.561  1 N - 生成 Team 团队 {"BaseClass":"Entity","Namespace":"Zero.Data.Projects"}
18:12:19.562  1 N - 生成 Member 成员 {"BaseClass":"Entity","Namespace":"Zero.Data.Projects"}
18:12:19.563  1 N - 生成 TeamMember 团队成员 {"BaseClass":"Entity","Namespace":"Zero.Data.Projects"}
18:12:19.563  1 N - 生成 Product 产品 {"BaseClass":"Entity","Namespace":"Zero.Data.Projects"}
18:12:19.563  1 N - 生成 VersionPlan 版本计划 {"BaseClass":"Entity","Namespace":"Zero.Data.Projects"}
18:12:19.564  1 N - 生成 Story 故事 {"BaseClass":"Entity","Namespace":"Zero.Data.Projects"}
18:12:19.564  1 N - 生成 User 用户 {"BaseClass":"Entity","Namespace":"Zero.Data.Projects"}
18:12:19.564  1 N - 生成 UserDisease 用户疾病 {"BaseClass":"Entity","Namespace":"Zero.Data.Projects"}
18:12:19.565  1 N - 生成 Disease 疾病类型 {"BaseClass":"Entity","Namespace":"Zero.Data.Projects"}
18:12:19.566  1 N - 生成 DailyOrSum 打卡记录与用户疗程 {"BaseClass":"Entity","Namespace":"Zero.Data.Projects"}
18:12:19.567  1 N - 生成 Effect 评价种类 {"BaseClass":"Entity","Namespace":"Zero.Data.Projects"}
18:12:19.567  1 N - 生成 Infection 新冠感染状态 {"BaseClass":"Entity","Namespace":"Zero.Data.Projects"}
18:12:19.568  1 N - 生成 Picture 图片 {"BaseClass":"Entity","Namespace":"Zero.Data.Projects"}
18:12:19.581  1 N - 生成控制器 D:\Code\HQSDemo\Zero.Web\Areas\Projects\Controllers
18:12:19.581  1 N - 生成 Team 团队 {"ClassNameTemplate":"{name}Controller","BaseClass":"EntityController","Namespace":"Zero.Data.Projects"}
18:12:19.582  1 N - 生成 Member 成员 {"ClassNameTemplate":"{name}Controller","BaseClass":"EntityController","Namespace":"Zero.Data.Projects"}
18:12:19.583  1 N - 生成 TeamMember 团队成员 {"ClassNameTemplate":"{name}Controller","BaseClass":"EntityController","Namespace":"Zero.Data.Projects"}
18:12:19.586  1 N - 生成 Product 产品 {"ClassNameTemplate":"{name}Controller","BaseClass":"EntityController","Namespace":"Zero.Data.Projects"}
18:12:19.586  1 N - 生成 VersionPlan 版本计划 {"ClassNameTemplate":"{name}Controller","BaseClass":"EntityController","Namespace":"Zero.Data.Projects"}
18:12:19.586  1 N - 生成 Story 故事 {"ClassNameTemplate":"{name}Controller","BaseClass":"EntityController","Namespace":"Zero.Data.Projects"}
18:12:19.587  1 N - 生成 User 用户 {"ClassNameTemplate":"{name}Controller","BaseClass":"EntityController","Namespace":"Zero.Data.Projects"}
18:12:19.587  1 N - 生成 UserDisease 用户疾病 {"ClassNameTemplate":"{name}Controller","BaseClass":"EntityController","Namespace":"Zero.Data.Projects"}
18:12:19.587  1 N - 生成 Disease 疾病类型 {"ClassNameTemplate":"{name}Controller","BaseClass":"EntityController","Namespace":"Zero.Data.Projects"}
18:12:19.588  1 N - 生成 DailyOrSum 打卡记录与用户疗程 {"ClassNameTemplate":"{name}Controller","BaseClass":"EntityController","Namespace":"Zero.Data.Projects"}
18:12:19.588  1 N - 生成 Effect 评价种类 {"ClassNameTemplate":"{name}Controller","BaseClass":"EntityController","Namespace":"Zero.Data.Projects"}
18:12:19.589  1 N - 生成 Infection 新冠感染状态 {"ClassNameTemplate":"{name}Controller","BaseClass":"EntityController","Namespace":"Zero.Data.Projects"}
18:12:19.589  1 N - 生成 Picture 图片 {"ClassNameTemplate":"{name}Controller","BaseClass":"EntityController","Namespace":"Zero.Data.Projects"}
